
state 0
	$accept: .start $end 

	tokIdent  shift 10
	tokInt  shift 18
	tokString  shift 21
	tokBool  shift 24
	tokFloat  shift 19
	tokChar  shift 25
	tokDateTime  shift 22
	tokDuration  shift 23
	tokNull  shift 20
	'|'  shift 14
	'{'  shift 28
	'$'  shift 26
	'&'  shift 27
	tokFunc  shift 8
	tokLoad  shift 6
	tokCond  shift 15
	tokIf  shift 16
	'-'  shift 12
	'('  shift 29
	'!'  shift 13
	.  error

	loadStatement  goto 4
	loadStatements  goto 2
	assignment  goto 7
	toplevelStatement  goto 5
	toplevelStatements  goto 3
	expr  goto 9
	term  goto 11
	block  goto 17
	start  goto 1

state 1
	$accept:  start.$end 

	$end  accept
	.  error


state 2
	start:  loadStatements.optionalSemicolon 
	start:  loadStatements.';' toplevelStatements optionalSemicolon 
	loadStatements:  loadStatements.';' loadStatement 
	optionalSemicolon: .    (9)

	';'  shift 31
	.  reduce 9 (src line 88)

	optionalSemicolon  goto 30

state 3
	start:  toplevelStatements.optionalSemicolon 
	toplevelStatements:  toplevelStatements.';' toplevelStatement 
	optionalSemicolon: .    (9)

	';'  shift 33
	.  reduce 9 (src line 88)

	optionalSemicolon  goto 32

state 4
	loadStatements:  loadStatement.    (11)

	.  reduce 11 (src line 91)


state 5
	toplevelStatements:  toplevelStatement.    (4)

	.  reduce 4 (src line 80)


state 6
	loadStatement:  tokLoad.tokString 

	tokString  shift 34
	.  error


state 7
	toplevelStatement:  assignment.    (6)

	.  reduce 6 (src line 83)


state 8
	toplevelStatement:  tokFunc.tokIdent '(' paramNameList ')' expr 
	expr:  tokFunc.'(' paramNameList ')' legacyFunctionBlock 

	tokIdent  shift 35
	'('  shift 36
	.  error


state 9
	toplevelStatement:  expr.    (8)
	expr:  expr.'(' paramList ')' 
	expr:  expr.'|' expr 
	expr:  expr.tokOrOr expr 
	expr:  expr.tokAndAnd expr 
	expr:  expr.'+' expr 
	expr:  expr.'-' expr 
	expr:  expr.'*' expr 
	expr:  expr.'/' expr 
	expr:  expr.'%' expr 
	expr:  expr.tokEQEQ expr 
	expr:  expr.tokEQOrRhsNull expr 
	expr:  expr.tokEQOrLhsNull expr 
	expr:  expr.tokEQOrBothNull expr 
	expr:  expr.tokNE expr 
	expr:  expr.'>' expr 
	expr:  expr.tokGEQ expr 
	expr:  expr.'<' expr 
	expr:  expr.tokLEQ expr 
	expr:  expr.'.' tokIdent 

	tokOrOr  shift 39
	tokAndAnd  shift 40
	tokEQEQ  shift 46
	tokEQOrRhsNull  shift 47
	tokEQOrLhsNull  shift 48
	tokEQOrBothNull  shift 49
	tokNE  shift 50
	tokLEQ  shift 54
	tokGEQ  shift 52
	'>'  shift 51
	'<'  shift 53
	'|'  shift 38
	'+'  shift 41
	'-'  shift 42
	'*'  shift 43
	'/'  shift 44
	'%'  shift 45
	'.'  shift 55
	'('  shift 37
	.  reduce 8 (src line 85)


state 10
	assignment:  tokIdent.tokAssign expr 
	term:  tokIdent.    (57)

	tokAssign  shift 56
	.  reduce 57 (src line 151)


state 11
	expr:  term.    (22)

	.  reduce 22 (src line 112)


state 12
	expr:  '-'.expr 

	tokIdent  shift 59
	tokInt  shift 18
	tokString  shift 21
	tokBool  shift 24
	tokFloat  shift 19
	tokChar  shift 25
	tokDateTime  shift 22
	tokDuration  shift 23
	tokNull  shift 20
	'|'  shift 14
	'{'  shift 28
	'$'  shift 26
	'&'  shift 27
	tokFunc  shift 58
	tokCond  shift 15
	tokIf  shift 16
	'-'  shift 12
	'('  shift 29
	'!'  shift 13
	.  error

	expr  goto 57
	term  goto 11
	block  goto 17

state 13
	expr:  '!'.expr 

	tokIdent  shift 59
	tokInt  shift 18
	tokString  shift 21
	tokBool  shift 24
	tokFloat  shift 19
	tokChar  shift 25
	tokDateTime  shift 22
	tokDuration  shift 23
	tokNull  shift 20
	'|'  shift 14
	'{'  shift 28
	'$'  shift 26
	'&'  shift 27
	tokFunc  shift 58
	tokCond  shift 15
	tokIf  shift 16
	'-'  shift 12
	'('  shift 29
	'!'  shift 13
	.  error

	expr  goto 60
	term  goto 11
	block  goto 17

state 14
	expr:  '|'.paramNameList '|' expr 
	paramNameList: .    (76)

	tokIdent  shift 62
	.  reduce 76 (src line 177)

	paramNameList  goto 61

state 15
	expr:  tokCond.'(' expr ',' expr ',' expr ')' 

	'('  shift 63
	.  error


state 16
	expr:  tokIf.expr expr tokElse expr 

	tokIdent  shift 59
	tokInt  shift 18
	tokString  shift 21
	tokBool  shift 24
	tokFloat  shift 19
	tokChar  shift 25
	tokDateTime  shift 22
	tokDuration  shift 23
	tokNull  shift 20
	'|'  shift 14
	'{'  shift 28
	'$'  shift 26
	'&'  shift 27
	tokFunc  shift 58
	tokCond  shift 15
	tokIf  shift 16
	'-'  shift 12
	'('  shift 29
	'!'  shift 13
	.  error

	expr  goto 64
	term  goto 11
	block  goto 17

state 17
	expr:  block.    (48)

	.  reduce 48 (src line 138)


state 18
	term:  tokInt.    (49)

	.  reduce 49 (src line 143)


state 19
	term:  tokFloat.    (50)

	.  reduce 50 (src line 144)


state 20
	term:  tokNull.    (51)

	.  reduce 51 (src line 145)


state 21
	term:  tokString.    (52)

	.  reduce 52 (src line 146)


state 22
	term:  tokDateTime.    (53)

	.  reduce 53 (src line 147)


state 23
	term:  tokDuration.    (54)

	.  reduce 54 (src line 148)


state 24
	term:  tokBool.    (55)

	.  reduce 55 (src line 149)


state 25
	term:  tokChar.    (56)

	.  reduce 56 (src line 150)


state 26
	term:  '$'.tokIdent 

	tokIdent  shift 65
	.  error


state 27
	term:  '&'.tokIdent 

	tokIdent  shift 66
	.  error


state 28
	block:  '{'.blockStatements ';' expr optionalSemicolon '}' 
	term:  '{'.structFields '}' 

	tokIdent  shift 73
	tokRegex  shift 75
	tokInt  shift 18
	tokString  shift 21
	tokBool  shift 24
	tokFloat  shift 19
	tokChar  shift 25
	tokDateTime  shift 22
	tokDuration  shift 23
	tokNull  shift 20
	'|'  shift 14
	'{'  shift 28
	'$'  shift 26
	'&'  shift 27
	tokFunc  shift 72
	tokCond  shift 15
	tokIf  shift 16
	'-'  shift 12
	'('  shift 29
	'!'  shift 13
	.  error

	assignment  goto 71
	blockStatement  goto 69
	blockStatements  goto 67
	expr  goto 74
	term  goto 11
	block  goto 17
	structField  goto 70
	structFields  goto 68

state 29
	term:  '('.expr ')' 

	tokIdent  shift 59
	tokInt  shift 18
	tokString  shift 21
	tokBool  shift 24
	tokFloat  shift 19
	tokChar  shift 25
	tokDateTime  shift 22
	tokDuration  shift 23
	tokNull  shift 20
	'|'  shift 14
	'{'  shift 28
	'$'  shift 26
	'&'  shift 27
	tokFunc  shift 58
	tokCond  shift 15
	tokIf  shift 16
	'-'  shift 12
	'('  shift 29
	'!'  shift 13
	.  error

	expr  goto 76
	term  goto 11
	block  goto 17

state 30
	start:  loadStatements optionalSemicolon.    (1)

	.  reduce 1 (src line 66)


state 31
	start:  loadStatements ';'.toplevelStatements optionalSemicolon 
	optionalSemicolon:  ';'.    (10)
	loadStatements:  loadStatements ';'.loadStatement 

	tokIdent  shift 10
	tokInt  shift 18
	tokString  shift 21
	tokBool  shift 24
	tokFloat  shift 19
	tokChar  shift 25
	tokDateTime  shift 22
	tokDuration  shift 23
	tokNull  shift 20
	'|'  shift 14
	'{'  shift 28
	'$'  shift 26
	'&'  shift 27
	tokFunc  shift 8
	tokLoad  shift 6
	tokCond  shift 15
	tokIf  shift 16
	'-'  shift 12
	'('  shift 29
	'!'  shift 13
	.  reduce 10 (src line 89)

	loadStatement  goto 78
	assignment  goto 7
	toplevelStatement  goto 5
	toplevelStatements  goto 77
	expr  goto 9
	term  goto 11
	block  goto 17

state 32
	start:  toplevelStatements optionalSemicolon.    (3)

	.  reduce 3 (src line 73)


state 33
	toplevelStatements:  toplevelStatements ';'.toplevelStatement 
	optionalSemicolon:  ';'.    (10)

	tokIdent  shift 10
	tokInt  shift 18
	tokString  shift 21
	tokBool  shift 24
	tokFloat  shift 19
	tokChar  shift 25
	tokDateTime  shift 22
	tokDuration  shift 23
	tokNull  shift 20
	'|'  shift 14
	'{'  shift 28
	'$'  shift 26
	'&'  shift 27
	tokFunc  shift 8
	tokCond  shift 15
	tokIf  shift 16
	'-'  shift 12
	'('  shift 29
	'!'  shift 13
	.  reduce 10 (src line 89)

	assignment  goto 7
	toplevelStatement  goto 79
	expr  goto 9
	term  goto 11
	block  goto 17

state 34
	loadStatement:  tokLoad tokString.    (13)

	.  reduce 13 (src line 94)


state 35
	toplevelStatement:  tokFunc tokIdent.'(' paramNameList ')' expr 

	'('  shift 80
	.  error


state 36
	expr:  tokFunc '('.paramNameList ')' legacyFunctionBlock 
	paramNameList: .    (76)

	tokIdent  shift 62
	.  reduce 76 (src line 177)

	paramNameList  goto 81

state 37
	expr:  expr '('.paramList ')' 
	paramList: .    (62)

	tokIdent  shift 86
	tokInt  shift 18
	tokString  shift 21
	tokBool  shift 24
	tokFloat  shift 19
	tokChar  shift 25
	tokDateTime  shift 22
	tokDuration  shift 23
	tokNull  shift 20
	'|'  shift 14
	'{'  shift 28
	'$'  shift 26
	'&'  shift 27
	tokFunc  shift 58
	tokCond  shift 15
	tokIf  shift 16
	'-'  shift 12
	'('  shift 29
	'!'  shift 13
	.  reduce 62 (src line 157)

	expr  goto 85
	term  goto 11
	block  goto 17
	paramList  goto 82
	positionalParamList  goto 83
	namedParamList  goto 84

state 38
	expr:  expr '|'.expr 

	tokIdent  shift 59
	tokInt  shift 18
	tokString  shift 21
	tokBool  shift 24
	tokFloat  shift 19
	tokChar  shift 25
	tokDateTime  shift 22
	tokDuration  shift 23
	tokNull  shift 20
	'|'  shift 14
	'{'  shift 28
	'$'  shift 26
	'&'  shift 27
	tokFunc  shift 58
	tokCond  shift 15
	tokIf  shift 16
	'-'  shift 12
	'('  shift 29
	'!'  shift 13
	.  error

	expr  goto 87
	term  goto 11
	block  goto 17

state 39
	expr:  expr tokOrOr.expr 

	tokIdent  shift 59
	tokInt  shift 18
	tokString  shift 21
	tokBool  shift 24
	tokFloat  shift 19
	tokChar  shift 25
	tokDateTime  shift 22
	tokDuration  shift 23
	tokNull  shift 20
	'|'  shift 14
	'{'  shift 28
	'$'  shift 26
	'&'  shift 27
	tokFunc  shift 58
	tokCond  shift 15
	tokIf  shift 16
	'-'  shift 12
	'('  shift 29
	'!'  shift 13
	.  error

	expr  goto 88
	term  goto 11
	block  goto 17

state 40
	expr:  expr tokAndAnd.expr 

	tokIdent  shift 59
	tokInt  shift 18
	tokString  shift 21
	tokBool  shift 24
	tokFloat  shift 19
	tokChar  shift 25
	tokDateTime  shift 22
	tokDuration  shift 23
	tokNull  shift 20
	'|'  shift 14
	'{'  shift 28
	'$'  shift 26
	'&'  shift 27
	tokFunc  shift 58
	tokCond  shift 15
	tokIf  shift 16
	'-'  shift 12
	'('  shift 29
	'!'  shift 13
	.  error

	expr  goto 89
	term  goto 11
	block  goto 17

state 41
	expr:  expr '+'.expr 

	tokIdent  shift 59
	tokInt  shift 18
	tokString  shift 21
	tokBool  shift 24
	tokFloat  shift 19
	tokChar  shift 25
	tokDateTime  shift 22
	tokDuration  shift 23
	tokNull  shift 20
	'|'  shift 14
	'{'  shift 28
	'$'  shift 26
	'&'  shift 27
	tokFunc  shift 58
	tokCond  shift 15
	tokIf  shift 16
	'-'  shift 12
	'('  shift 29
	'!'  shift 13
	.  error

	expr  goto 90
	term  goto 11
	block  goto 17

state 42
	expr:  expr '-'.expr 

	tokIdent  shift 59
	tokInt  shift 18
	tokString  shift 21
	tokBool  shift 24
	tokFloat  shift 19
	tokChar  shift 25
	tokDateTime  shift 22
	tokDuration  shift 23
	tokNull  shift 20
	'|'  shift 14
	'{'  shift 28
	'$'  shift 26
	'&'  shift 27
	tokFunc  shift 58
	tokCond  shift 15
	tokIf  shift 16
	'-'  shift 12
	'('  shift 29
	'!'  shift 13
	.  error

	expr  goto 91
	term  goto 11
	block  goto 17

state 43
	expr:  expr '*'.expr 

	tokIdent  shift 59
	tokInt  shift 18
	tokString  shift 21
	tokBool  shift 24
	tokFloat  shift 19
	tokChar  shift 25
	tokDateTime  shift 22
	tokDuration  shift 23
	tokNull  shift 20
	'|'  shift 14
	'{'  shift 28
	'$'  shift 26
	'&'  shift 27
	tokFunc  shift 58
	tokCond  shift 15
	tokIf  shift 16
	'-'  shift 12
	'('  shift 29
	'!'  shift 13
	.  error

	expr  goto 92
	term  goto 11
	block  goto 17

state 44
	expr:  expr '/'.expr 

	tokIdent  shift 59
	tokInt  shift 18
	tokString  shift 21
	tokBool  shift 24
	tokFloat  shift 19
	tokChar  shift 25
	tokDateTime  shift 22
	tokDuration  shift 23
	tokNull  shift 20
	'|'  shift 14
	'{'  shift 28
	'$'  shift 26
	'&'  shift 27
	tokFunc  shift 58
	tokCond  shift 15
	tokIf  shift 16
	'-'  shift 12
	'('  shift 29
	'!'  shift 13
	.  error

	expr  goto 93
	term  goto 11
	block  goto 17

state 45
	expr:  expr '%'.expr 

	tokIdent  shift 59
	tokInt  shift 18
	tokString  shift 21
	tokBool  shift 24
	tokFloat  shift 19
	tokChar  shift 25
	tokDateTime  shift 22
	tokDuration  shift 23
	tokNull  shift 20
	'|'  shift 14
	'{'  shift 28
	'$'  shift 26
	'&'  shift 27
	tokFunc  shift 58
	tokCond  shift 15
	tokIf  shift 16
	'-'  shift 12
	'('  shift 29
	'!'  shift 13
	.  error

	expr  goto 94
	term  goto 11
	block  goto 17

state 46
	expr:  expr tokEQEQ.expr 

	tokIdent  shift 59
	tokInt  shift 18
	tokString  shift 21
	tokBool  shift 24
	tokFloat  shift 19
	tokChar  shift 25
	tokDateTime  shift 22
	tokDuration  shift 23
	tokNull  shift 20
	'|'  shift 14
	'{'  shift 28
	'$'  shift 26
	'&'  shift 27
	tokFunc  shift 58
	tokCond  shift 15
	tokIf  shift 16
	'-'  shift 12
	'('  shift 29
	'!'  shift 13
	.  error

	expr  goto 95
	term  goto 11
	block  goto 17

state 47
	expr:  expr tokEQOrRhsNull.expr 

	tokIdent  shift 59
	tokInt  shift 18
	tokString  shift 21
	tokBool  shift 24
	tokFloat  shift 19
	tokChar  shift 25
	tokDateTime  shift 22
	tokDuration  shift 23
	tokNull  shift 20
	'|'  shift 14
	'{'  shift 28
	'$'  shift 26
	'&'  shift 27
	tokFunc  shift 58
	tokCond  shift 15
	tokIf  shift 16
	'-'  shift 12
	'('  shift 29
	'!'  shift 13
	.  error

	expr  goto 96
	term  goto 11
	block  goto 17

state 48
	expr:  expr tokEQOrLhsNull.expr 

	tokIdent  shift 59
	tokInt  shift 18
	tokString  shift 21
	tokBool  shift 24
	tokFloat  shift 19
	tokChar  shift 25
	tokDateTime  shift 22
	tokDuration  shift 23
	tokNull  shift 20
	'|'  shift 14
	'{'  shift 28
	'$'  shift 26
	'&'  shift 27
	tokFunc  shift 58
	tokCond  shift 15
	tokIf  shift 16
	'-'  shift 12
	'('  shift 29
	'!'  shift 13
	.  error

	expr  goto 97
	term  goto 11
	block  goto 17

state 49
	expr:  expr tokEQOrBothNull.expr 

	tokIdent  shift 59
	tokInt  shift 18
	tokString  shift 21
	tokBool  shift 24
	tokFloat  shift 19
	tokChar  shift 25
	tokDateTime  shift 22
	tokDuration  shift 23
	tokNull  shift 20
	'|'  shift 14
	'{'  shift 28
	'$'  shift 26
	'&'  shift 27
	tokFunc  shift 58
	tokCond  shift 15
	tokIf  shift 16
	'-'  shift 12
	'('  shift 29
	'!'  shift 13
	.  error

	expr  goto 98
	term  goto 11
	block  goto 17

state 50
	expr:  expr tokNE.expr 

	tokIdent  shift 59
	tokInt  shift 18
	tokString  shift 21
	tokBool  shift 24
	tokFloat  shift 19
	tokChar  shift 25
	tokDateTime  shift 22
	tokDuration  shift 23
	tokNull  shift 20
	'|'  shift 14
	'{'  shift 28
	'$'  shift 26
	'&'  shift 27
	tokFunc  shift 58
	tokCond  shift 15
	tokIf  shift 16
	'-'  shift 12
	'('  shift 29
	'!'  shift 13
	.  error

	expr  goto 99
	term  goto 11
	block  goto 17

state 51
	expr:  expr '>'.expr 

	tokIdent  shift 59
	tokInt  shift 18
	tokString  shift 21
	tokBool  shift 24
	tokFloat  shift 19
	tokChar  shift 25
	tokDateTime  shift 22
	tokDuration  shift 23
	tokNull  shift 20
	'|'  shift 14
	'{'  shift 28
	'$'  shift 26
	'&'  shift 27
	tokFunc  shift 58
	tokCond  shift 15
	tokIf  shift 16
	'-'  shift 12
	'('  shift 29
	'!'  shift 13
	.  error

	expr  goto 100
	term  goto 11
	block  goto 17

state 52
	expr:  expr tokGEQ.expr 

	tokIdent  shift 59
	tokInt  shift 18
	tokString  shift 21
	tokBool  shift 24
	tokFloat  shift 19
	tokChar  shift 25
	tokDateTime  shift 22
	tokDuration  shift 23
	tokNull  shift 20
	'|'  shift 14
	'{'  shift 28
	'$'  shift 26
	'&'  shift 27
	tokFunc  shift 58
	tokCond  shift 15
	tokIf  shift 16
	'-'  shift 12
	'('  shift 29
	'!'  shift 13
	.  error

	expr  goto 101
	term  goto 11
	block  goto 17

state 53
	expr:  expr '<'.expr 

	tokIdent  shift 59
	tokInt  shift 18
	tokString  shift 21
	tokBool  shift 24
	tokFloat  shift 19
	tokChar  shift 25
	tokDateTime  shift 22
	tokDuration  shift 23
	tokNull  shift 20
	'|'  shift 14
	'{'  shift 28
	'$'  shift 26
	'&'  shift 27
	tokFunc  shift 58
	tokCond  shift 15
	tokIf  shift 16
	'-'  shift 12
	'('  shift 29
	'!'  shift 13
	.  error

	expr  goto 102
	term  goto 11
	block  goto 17

state 54
	expr:  expr tokLEQ.expr 

	tokIdent  shift 59
	tokInt  shift 18
	tokString  shift 21
	tokBool  shift 24
	tokFloat  shift 19
	tokChar  shift 25
	tokDateTime  shift 22
	tokDuration  shift 23
	tokNull  shift 20
	'|'  shift 14
	'{'  shift 28
	'$'  shift 26
	'&'  shift 27
	tokFunc  shift 58
	tokCond  shift 15
	tokIf  shift 16
	'-'  shift 12
	'('  shift 29
	'!'  shift 13
	.  error

	expr  goto 103
	term  goto 11
	block  goto 17

state 55
	expr:  expr '.'.tokIdent 

	tokIdent  shift 104
	.  error


state 56
	assignment:  tokIdent tokAssign.expr 

	tokIdent  shift 59
	tokInt  shift 18
	tokString  shift 21
	tokBool  shift 24
	tokFloat  shift 19
	tokChar  shift 25
	tokDateTime  shift 22
	tokDuration  shift 23
	tokNull  shift 20
	'|'  shift 14
	'{'  shift 28
	'$'  shift 26
	'&'  shift 27
	tokFunc  shift 58
	tokCond  shift 15
	tokIf  shift 16
	'-'  shift 12
	'('  shift 29
	'!'  shift 13
	.  error

	expr  goto 105
	term  goto 11
	block  goto 17

state 57
	expr:  expr.'(' paramList ')' 
	expr:  expr.'|' expr 
	expr:  expr.tokOrOr expr 
	expr:  expr.tokAndAnd expr 
	expr:  expr.'+' expr 
	expr:  expr.'-' expr 
	expr:  expr.'*' expr 
	expr:  expr.'/' expr 
	expr:  expr.'%' expr 
	expr:  expr.tokEQEQ expr 
	expr:  expr.tokEQOrRhsNull expr 
	expr:  expr.tokEQOrLhsNull expr 
	expr:  expr.tokEQOrBothNull expr 
	expr:  expr.tokNE expr 
	expr:  expr.'>' expr 
	expr:  expr.tokGEQ expr 
	expr:  expr.'<' expr 
	expr:  expr.tokLEQ expr 
	expr:  '-' expr.    (41)
	expr:  expr.'.' tokIdent 

	'.'  shift 55
	'('  shift 37
	.  reduce 41 (src line 131)


state 58
	expr:  tokFunc.'(' paramNameList ')' legacyFunctionBlock 

	'('  shift 36
	.  error


state 59
	term:  tokIdent.    (57)

	.  reduce 57 (src line 151)


state 60
	expr:  expr.'(' paramList ')' 
	expr:  expr.'|' expr 
	expr:  expr.tokOrOr expr 
	expr:  expr.tokAndAnd expr 
	expr:  expr.'+' expr 
	expr:  expr.'-' expr 
	expr:  expr.'*' expr 
	expr:  expr.'/' expr 
	expr:  expr.'%' expr 
	expr:  expr.tokEQEQ expr 
	expr:  expr.tokEQOrRhsNull expr 
	expr:  expr.tokEQOrLhsNull expr 
	expr:  expr.tokEQOrBothNull expr 
	expr:  expr.tokNE expr 
	expr:  expr.'>' expr 
	expr:  expr.tokGEQ expr 
	expr:  expr.'<' expr 
	expr:  expr.tokLEQ expr 
	expr:  '!' expr.    (42)
	expr:  expr.'.' tokIdent 

	'.'  shift 55
	'('  shift 37
	.  reduce 42 (src line 132)


state 61
	expr:  '|' paramNameList.'|' expr 
	paramNameList:  paramNameList.',' tokIdent 

	'|'  shift 106
	','  shift 107
	.  error


state 62
	paramNameList:  tokIdent.    (77)

	.  reduce 77 (src line 178)


state 63
	expr:  tokCond '('.expr ',' expr ',' expr ')' 

	tokIdent  shift 59
	tokInt  shift 18
	tokString  shift 21
	tokBool  shift 24
	tokFloat  shift 19
	tokChar  shift 25
	tokDateTime  shift 22
	tokDuration  shift 23
	tokNull  shift 20
	'|'  shift 14
	'{'  shift 28
	'$'  shift 26
	'&'  shift 27
	tokFunc  shift 58
	tokCond  shift 15
	tokIf  shift 16
	'-'  shift 12
	'('  shift 29
	'!'  shift 13
	.  error

	expr  goto 108
	term  goto 11
	block  goto 17

state 64
	expr:  expr.'(' paramList ')' 
	expr:  expr.'|' expr 
	expr:  expr.tokOrOr expr 
	expr:  expr.tokAndAnd expr 
	expr:  expr.'+' expr 
	expr:  expr.'-' expr 
	expr:  expr.'*' expr 
	expr:  expr.'/' expr 
	expr:  expr.'%' expr 
	expr:  expr.tokEQEQ expr 
	expr:  expr.tokEQOrRhsNull expr 
	expr:  expr.tokEQOrLhsNull expr 
	expr:  expr.tokEQOrBothNull expr 
	expr:  expr.tokNE expr 
	expr:  expr.'>' expr 
	expr:  expr.tokGEQ expr 
	expr:  expr.'<' expr 
	expr:  expr.tokLEQ expr 
	expr:  expr.'.' tokIdent 
	expr:  tokIf expr.expr tokElse expr 

	tokIdent  shift 59
	tokInt  shift 18
	tokString  shift 21
	tokBool  shift 24
	tokFloat  shift 19
	tokChar  shift 25
	tokDateTime  shift 22
	tokDuration  shift 23
	tokNull  shift 20
	tokOrOr  shift 39
	tokAndAnd  shift 40
	tokEQEQ  shift 46
	tokEQOrRhsNull  shift 47
	tokEQOrLhsNull  shift 48
	tokEQOrBothNull  shift 49
	tokNE  shift 50
	tokLEQ  shift 54
	tokGEQ  shift 52
	'>'  shift 51
	'<'  shift 53
	'|'  shift 110
	'{'  shift 28
	'$'  shift 26
	'&'  shift 27
	tokFunc  shift 58
	tokCond  shift 15
	tokIf  shift 16
	'+'  shift 41
	'-'  shift 111
	'*'  shift 43
	'/'  shift 44
	'%'  shift 45
	'.'  shift 55
	'('  shift 109
	'!'  shift 13
	.  error

	expr  goto 112
	term  goto 11
	block  goto 17

state 65
	term:  '$' tokIdent.    (58)

	.  reduce 58 (src line 152)


state 66
	term:  '&' tokIdent.    (59)

	.  reduce 59 (src line 153)


state 67
	block:  '{' blockStatements.';' expr optionalSemicolon '}' 
	blockStatements:  blockStatements.';' blockStatement 

	';'  shift 113
	.  error


state 68
	term:  '{' structFields.'}' 
	structFields:  structFields.',' structField 

	'}'  shift 114
	','  shift 115
	.  error


state 69
	blockStatements:  blockStatement.    (16)

	.  reduce 16 (src line 101)


state 70
	structFields:  structField.    (74)

	.  reduce 74 (src line 173)


state 71
	blockStatement:  assignment.    (18)

	.  reduce 18 (src line 104)


state 72
	blockStatement:  tokFunc.tokIdent '(' paramNameList ')' expr 
	expr:  tokFunc.'(' paramNameList ')' legacyFunctionBlock 

	tokIdent  shift 116
	'('  shift 36
	.  error


state 73
	assignment:  tokIdent.tokAssign expr 
	term:  tokIdent.    (57)
	structField:  tokIdent.':' expr 

	tokAssign  shift 56
	':'  shift 117
	.  reduce 57 (src line 151)


state 74
	expr:  expr.'(' paramList ')' 
	expr:  expr.'|' expr 
	expr:  expr.tokOrOr expr 
	expr:  expr.tokAndAnd expr 
	expr:  expr.'+' expr 
	expr:  expr.'-' expr 
	expr:  expr.'*' expr 
	expr:  expr.'/' expr 
	expr:  expr.'%' expr 
	expr:  expr.tokEQEQ expr 
	expr:  expr.tokEQOrRhsNull expr 
	expr:  expr.tokEQOrLhsNull expr 
	expr:  expr.tokEQOrBothNull expr 
	expr:  expr.tokNE expr 
	expr:  expr.'>' expr 
	expr:  expr.tokGEQ expr 
	expr:  expr.'<' expr 
	expr:  expr.tokLEQ expr 
	expr:  expr.'.' tokIdent 
	structField:  expr.    (71)
	structField:  expr.'.' tokRegex 

	tokOrOr  shift 39
	tokAndAnd  shift 40
	tokEQEQ  shift 46
	tokEQOrRhsNull  shift 47
	tokEQOrLhsNull  shift 48
	tokEQOrBothNull  shift 49
	tokNE  shift 50
	tokLEQ  shift 54
	tokGEQ  shift 52
	'>'  shift 51
	'<'  shift 53
	'|'  shift 38
	'+'  shift 41
	'-'  shift 42
	'*'  shift 43
	'/'  shift 44
	'%'  shift 45
	'.'  shift 118
	'('  shift 37
	.  reduce 71 (src line 169)


state 75
	structField:  tokRegex.    (73)

	.  reduce 73 (src line 171)


state 76
	expr:  expr.'(' paramList ')' 
	expr:  expr.'|' expr 
	expr:  expr.tokOrOr expr 
	expr:  expr.tokAndAnd expr 
	expr:  expr.'+' expr 
	expr:  expr.'-' expr 
	expr:  expr.'*' expr 
	expr:  expr.'/' expr 
	expr:  expr.'%' expr 
	expr:  expr.tokEQEQ expr 
	expr:  expr.tokEQOrRhsNull expr 
	expr:  expr.tokEQOrLhsNull expr 
	expr:  expr.tokEQOrBothNull expr 
	expr:  expr.tokNE expr 
	expr:  expr.'>' expr 
	expr:  expr.tokGEQ expr 
	expr:  expr.'<' expr 
	expr:  expr.tokLEQ expr 
	expr:  expr.'.' tokIdent 
	term:  '(' expr.')' 

	tokOrOr  shift 39
	tokAndAnd  shift 40
	tokEQEQ  shift 46
	tokEQOrRhsNull  shift 47
	tokEQOrLhsNull  shift 48
	tokEQOrBothNull  shift 49
	tokNE  shift 50
	tokLEQ  shift 54
	tokGEQ  shift 52
	'>'  shift 51
	'<'  shift 53
	'|'  shift 38
	'+'  shift 41
	'-'  shift 42
	'*'  shift 43
	'/'  shift 44
	'%'  shift 45
	'.'  shift 55
	'('  shift 37
	')'  shift 119
	.  error


state 77
	start:  loadStatements ';' toplevelStatements.optionalSemicolon 
	toplevelStatements:  toplevelStatements.';' toplevelStatement 
	optionalSemicolon: .    (9)

	';'  shift 33
	.  reduce 9 (src line 88)

	optionalSemicolon  goto 120

state 78
	loadStatements:  loadStatements ';' loadStatement.    (12)

	.  reduce 12 (src line 92)


state 79
	toplevelStatements:  toplevelStatements ';' toplevelStatement.    (5)

	.  reduce 5 (src line 81)


state 80
	toplevelStatement:  tokFunc tokIdent '('.paramNameList ')' expr 
	paramNameList: .    (76)

	tokIdent  shift 62
	.  reduce 76 (src line 177)

	paramNameList  goto 121

state 81
	expr:  tokFunc '(' paramNameList.')' legacyFunctionBlock 
	paramNameList:  paramNameList.',' tokIdent 

	')'  shift 122
	','  shift 107
	.  error


state 82
	expr:  expr '(' paramList.')' 

	')'  shift 123
	.  error


state 83
	paramList:  positionalParamList.    (63)
	paramList:  positionalParamList.',' namedParamList 
	positionalParamList:  positionalParamList.',' expr 

	','  shift 124
	.  reduce 63 (src line 158)


state 84
	paramList:  namedParamList.    (65)
	namedParamList:  namedParamList.',' tokIdent tokAssign expr 

	','  shift 125
	.  reduce 65 (src line 160)


state 85
	expr:  expr.'(' paramList ')' 
	expr:  expr.'|' expr 
	expr:  expr.tokOrOr expr 
	expr:  expr.tokAndAnd expr 
	expr:  expr.'+' expr 
	expr:  expr.'-' expr 
	expr:  expr.'*' expr 
	expr:  expr.'/' expr 
	expr:  expr.'%' expr 
	expr:  expr.tokEQEQ expr 
	expr:  expr.tokEQOrRhsNull expr 
	expr:  expr.tokEQOrLhsNull expr 
	expr:  expr.tokEQOrBothNull expr 
	expr:  expr.tokNE expr 
	expr:  expr.'>' expr 
	expr:  expr.tokGEQ expr 
	expr:  expr.'<' expr 
	expr:  expr.tokLEQ expr 
	expr:  expr.'.' tokIdent 
	positionalParamList:  expr.    (66)

	tokOrOr  shift 39
	tokAndAnd  shift 40
	tokEQEQ  shift 46
	tokEQOrRhsNull  shift 47
	tokEQOrLhsNull  shift 48
	tokEQOrBothNull  shift 49
	tokNE  shift 50
	tokLEQ  shift 54
	tokGEQ  shift 52
	'>'  shift 51
	'<'  shift 53
	'|'  shift 38
	'+'  shift 41
	'-'  shift 42
	'*'  shift 43
	'/'  shift 44
	'%'  shift 45
	'.'  shift 55
	'('  shift 37
	.  reduce 66 (src line 162)


state 86
	term:  tokIdent.    (57)
	namedParamList:  tokIdent.tokAssign expr 

	tokAssign  shift 126
	.  reduce 57 (src line 151)


state 87
	expr:  expr.'(' paramList ')' 
	expr:  expr.'|' expr 
	expr:  expr '|' expr.    (24)
	expr:  expr.tokOrOr expr 
	expr:  expr.tokAndAnd expr 
	expr:  expr.'+' expr 
	expr:  expr.'-' expr 
	expr:  expr.'*' expr 
	expr:  expr.'/' expr 
	expr:  expr.'%' expr 
	expr:  expr.tokEQEQ expr 
	expr:  expr.tokEQOrRhsNull expr 
	expr:  expr.tokEQOrLhsNull expr 
	expr:  expr.tokEQOrBothNull expr 
	expr:  expr.tokNE expr 
	expr:  expr.'>' expr 
	expr:  expr.tokGEQ expr 
	expr:  expr.'<' expr 
	expr:  expr.tokLEQ expr 
	expr:  expr.'.' tokIdent 

	tokEQEQ  shift 46
	tokEQOrRhsNull  shift 47
	tokEQOrLhsNull  shift 48
	tokEQOrBothNull  shift 49
	tokNE  shift 50
	tokLEQ  shift 54
	tokGEQ  shift 52
	'>'  shift 51
	'<'  shift 53
	'+'  shift 41
	'-'  shift 42
	'*'  shift 43
	'/'  shift 44
	'%'  shift 45
	'.'  shift 55
	'('  shift 37
	.  reduce 24 (src line 114)


state 88
	expr:  expr.'(' paramList ')' 
	expr:  expr.'|' expr 
	expr:  expr.tokOrOr expr 
	expr:  expr tokOrOr expr.    (25)
	expr:  expr.tokAndAnd expr 
	expr:  expr.'+' expr 
	expr:  expr.'-' expr 
	expr:  expr.'*' expr 
	expr:  expr.'/' expr 
	expr:  expr.'%' expr 
	expr:  expr.tokEQEQ expr 
	expr:  expr.tokEQOrRhsNull expr 
	expr:  expr.tokEQOrLhsNull expr 
	expr:  expr.tokEQOrBothNull expr 
	expr:  expr.tokNE expr 
	expr:  expr.'>' expr 
	expr:  expr.tokGEQ expr 
	expr:  expr.'<' expr 
	expr:  expr.tokLEQ expr 
	expr:  expr.'.' tokIdent 

	tokAndAnd  shift 40
	tokEQEQ  shift 46
	tokEQOrRhsNull  shift 47
	tokEQOrLhsNull  shift 48
	tokEQOrBothNull  shift 49
	tokNE  shift 50
	tokLEQ  shift 54
	tokGEQ  shift 52
	'>'  shift 51
	'<'  shift 53
	'|'  shift 38
	'+'  shift 41
	'-'  shift 42
	'*'  shift 43
	'/'  shift 44
	'%'  shift 45
	'.'  shift 55
	'('  shift 37
	.  reduce 25 (src line 115)


state 89
	expr:  expr.'(' paramList ')' 
	expr:  expr.'|' expr 
	expr:  expr.tokOrOr expr 
	expr:  expr.tokAndAnd expr 
	expr:  expr tokAndAnd expr.    (26)
	expr:  expr.'+' expr 
	expr:  expr.'-' expr 
	expr:  expr.'*' expr 
	expr:  expr.'/' expr 
	expr:  expr.'%' expr 
	expr:  expr.tokEQEQ expr 
	expr:  expr.tokEQOrRhsNull expr 
	expr:  expr.tokEQOrLhsNull expr 
	expr:  expr.tokEQOrBothNull expr 
	expr:  expr.tokNE expr 
	expr:  expr.'>' expr 
	expr:  expr.tokGEQ expr 
	expr:  expr.'<' expr 
	expr:  expr.tokLEQ expr 
	expr:  expr.'.' tokIdent 

	tokEQEQ  shift 46
	tokEQOrRhsNull  shift 47
	tokEQOrLhsNull  shift 48
	tokEQOrBothNull  shift 49
	tokNE  shift 50
	tokLEQ  shift 54
	tokGEQ  shift 52
	'>'  shift 51
	'<'  shift 53
	'|'  shift 38
	'+'  shift 41
	'-'  shift 42
	'*'  shift 43
	'/'  shift 44
	'%'  shift 45
	'.'  shift 55
	'('  shift 37
	.  reduce 26 (src line 116)


state 90
	expr:  expr.'(' paramList ')' 
	expr:  expr.'|' expr 
	expr:  expr.tokOrOr expr 
	expr:  expr.tokAndAnd expr 
	expr:  expr.'+' expr 
	expr:  expr '+' expr.    (27)
	expr:  expr.'-' expr 
	expr:  expr.'*' expr 
	expr:  expr.'/' expr 
	expr:  expr.'%' expr 
	expr:  expr.tokEQEQ expr 
	expr:  expr.tokEQOrRhsNull expr 
	expr:  expr.tokEQOrLhsNull expr 
	expr:  expr.tokEQOrBothNull expr 
	expr:  expr.tokNE expr 
	expr:  expr.'>' expr 
	expr:  expr.tokGEQ expr 
	expr:  expr.'<' expr 
	expr:  expr.tokLEQ expr 
	expr:  expr.'.' tokIdent 

	'*'  shift 43
	'/'  shift 44
	'%'  shift 45
	'.'  shift 55
	'('  shift 37
	.  reduce 27 (src line 117)


state 91
	expr:  expr.'(' paramList ')' 
	expr:  expr.'|' expr 
	expr:  expr.tokOrOr expr 
	expr:  expr.tokAndAnd expr 
	expr:  expr.'+' expr 
	expr:  expr.'-' expr 
	expr:  expr '-' expr.    (28)
	expr:  expr.'*' expr 
	expr:  expr.'/' expr 
	expr:  expr.'%' expr 
	expr:  expr.tokEQEQ expr 
	expr:  expr.tokEQOrRhsNull expr 
	expr:  expr.tokEQOrLhsNull expr 
	expr:  expr.tokEQOrBothNull expr 
	expr:  expr.tokNE expr 
	expr:  expr.'>' expr 
	expr:  expr.tokGEQ expr 
	expr:  expr.'<' expr 
	expr:  expr.tokLEQ expr 
	expr:  expr.'.' tokIdent 

	'*'  shift 43
	'/'  shift 44
	'%'  shift 45
	'.'  shift 55
	'('  shift 37
	.  reduce 28 (src line 118)


state 92
	expr:  expr.'(' paramList ')' 
	expr:  expr.'|' expr 
	expr:  expr.tokOrOr expr 
	expr:  expr.tokAndAnd expr 
	expr:  expr.'+' expr 
	expr:  expr.'-' expr 
	expr:  expr.'*' expr 
	expr:  expr '*' expr.    (29)
	expr:  expr.'/' expr 
	expr:  expr.'%' expr 
	expr:  expr.tokEQEQ expr 
	expr:  expr.tokEQOrRhsNull expr 
	expr:  expr.tokEQOrLhsNull expr 
	expr:  expr.tokEQOrBothNull expr 
	expr:  expr.tokNE expr 
	expr:  expr.'>' expr 
	expr:  expr.tokGEQ expr 
	expr:  expr.'<' expr 
	expr:  expr.tokLEQ expr 
	expr:  expr.'.' tokIdent 

	'.'  shift 55
	'('  shift 37
	.  reduce 29 (src line 119)


state 93
	expr:  expr.'(' paramList ')' 
	expr:  expr.'|' expr 
	expr:  expr.tokOrOr expr 
	expr:  expr.tokAndAnd expr 
	expr:  expr.'+' expr 
	expr:  expr.'-' expr 
	expr:  expr.'*' expr 
	expr:  expr.'/' expr 
	expr:  expr '/' expr.    (30)
	expr:  expr.'%' expr 
	expr:  expr.tokEQEQ expr 
	expr:  expr.tokEQOrRhsNull expr 
	expr:  expr.tokEQOrLhsNull expr 
	expr:  expr.tokEQOrBothNull expr 
	expr:  expr.tokNE expr 
	expr:  expr.'>' expr 
	expr:  expr.tokGEQ expr 
	expr:  expr.'<' expr 
	expr:  expr.tokLEQ expr 
	expr:  expr.'.' tokIdent 

	'.'  shift 55
	'('  shift 37
	.  reduce 30 (src line 120)


state 94
	expr:  expr.'(' paramList ')' 
	expr:  expr.'|' expr 
	expr:  expr.tokOrOr expr 
	expr:  expr.tokAndAnd expr 
	expr:  expr.'+' expr 
	expr:  expr.'-' expr 
	expr:  expr.'*' expr 
	expr:  expr.'/' expr 
	expr:  expr.'%' expr 
	expr:  expr '%' expr.    (31)
	expr:  expr.tokEQEQ expr 
	expr:  expr.tokEQOrRhsNull expr 
	expr:  expr.tokEQOrLhsNull expr 
	expr:  expr.tokEQOrBothNull expr 
	expr:  expr.tokNE expr 
	expr:  expr.'>' expr 
	expr:  expr.tokGEQ expr 
	expr:  expr.'<' expr 
	expr:  expr.tokLEQ expr 
	expr:  expr.'.' tokIdent 

	'.'  shift 55
	'('  shift 37
	.  reduce 31 (src line 121)


state 95
	expr:  expr.'(' paramList ')' 
	expr:  expr.'|' expr 
	expr:  expr.tokOrOr expr 
	expr:  expr.tokAndAnd expr 
	expr:  expr.'+' expr 
	expr:  expr.'-' expr 
	expr:  expr.'*' expr 
	expr:  expr.'/' expr 
	expr:  expr.'%' expr 
	expr:  expr.tokEQEQ expr 
	expr:  expr tokEQEQ expr.    (32)
	expr:  expr.tokEQOrRhsNull expr 
	expr:  expr.tokEQOrLhsNull expr 
	expr:  expr.tokEQOrBothNull expr 
	expr:  expr.tokNE expr 
	expr:  expr.'>' expr 
	expr:  expr.tokGEQ expr 
	expr:  expr.'<' expr 
	expr:  expr.tokLEQ expr 
	expr:  expr.'.' tokIdent 

	'+'  shift 41
	'-'  shift 42
	'*'  shift 43
	'/'  shift 44
	'%'  shift 45
	'.'  shift 55
	'('  shift 37
	.  reduce 32 (src line 122)


state 96
	expr:  expr.'(' paramList ')' 
	expr:  expr.'|' expr 
	expr:  expr.tokOrOr expr 
	expr:  expr.tokAndAnd expr 
	expr:  expr.'+' expr 
	expr:  expr.'-' expr 
	expr:  expr.'*' expr 
	expr:  expr.'/' expr 
	expr:  expr.'%' expr 
	expr:  expr.tokEQEQ expr 
	expr:  expr.tokEQOrRhsNull expr 
	expr:  expr tokEQOrRhsNull expr.    (33)
	expr:  expr.tokEQOrLhsNull expr 
	expr:  expr.tokEQOrBothNull expr 
	expr:  expr.tokNE expr 
	expr:  expr.'>' expr 
	expr:  expr.tokGEQ expr 
	expr:  expr.'<' expr 
	expr:  expr.tokLEQ expr 
	expr:  expr.'.' tokIdent 

	'+'  shift 41
	'-'  shift 42
	'*'  shift 43
	'/'  shift 44
	'%'  shift 45
	'.'  shift 55
	'('  shift 37
	.  reduce 33 (src line 123)


state 97
	expr:  expr.'(' paramList ')' 
	expr:  expr.'|' expr 
	expr:  expr.tokOrOr expr 
	expr:  expr.tokAndAnd expr 
	expr:  expr.'+' expr 
	expr:  expr.'-' expr 
	expr:  expr.'*' expr 
	expr:  expr.'/' expr 
	expr:  expr.'%' expr 
	expr:  expr.tokEQEQ expr 
	expr:  expr.tokEQOrRhsNull expr 
	expr:  expr.tokEQOrLhsNull expr 
	expr:  expr tokEQOrLhsNull expr.    (34)
	expr:  expr.tokEQOrBothNull expr 
	expr:  expr.tokNE expr 
	expr:  expr.'>' expr 
	expr:  expr.tokGEQ expr 
	expr:  expr.'<' expr 
	expr:  expr.tokLEQ expr 
	expr:  expr.'.' tokIdent 

	'+'  shift 41
	'-'  shift 42
	'*'  shift 43
	'/'  shift 44
	'%'  shift 45
	'.'  shift 55
	'('  shift 37
	.  reduce 34 (src line 124)


state 98
	expr:  expr.'(' paramList ')' 
	expr:  expr.'|' expr 
	expr:  expr.tokOrOr expr 
	expr:  expr.tokAndAnd expr 
	expr:  expr.'+' expr 
	expr:  expr.'-' expr 
	expr:  expr.'*' expr 
	expr:  expr.'/' expr 
	expr:  expr.'%' expr 
	expr:  expr.tokEQEQ expr 
	expr:  expr.tokEQOrRhsNull expr 
	expr:  expr.tokEQOrLhsNull expr 
	expr:  expr.tokEQOrBothNull expr 
	expr:  expr tokEQOrBothNull expr.    (35)
	expr:  expr.tokNE expr 
	expr:  expr.'>' expr 
	expr:  expr.tokGEQ expr 
	expr:  expr.'<' expr 
	expr:  expr.tokLEQ expr 
	expr:  expr.'.' tokIdent 

	'+'  shift 41
	'-'  shift 42
	'*'  shift 43
	'/'  shift 44
	'%'  shift 45
	'.'  shift 55
	'('  shift 37
	.  reduce 35 (src line 125)


state 99
	expr:  expr.'(' paramList ')' 
	expr:  expr.'|' expr 
	expr:  expr.tokOrOr expr 
	expr:  expr.tokAndAnd expr 
	expr:  expr.'+' expr 
	expr:  expr.'-' expr 
	expr:  expr.'*' expr 
	expr:  expr.'/' expr 
	expr:  expr.'%' expr 
	expr:  expr.tokEQEQ expr 
	expr:  expr.tokEQOrRhsNull expr 
	expr:  expr.tokEQOrLhsNull expr 
	expr:  expr.tokEQOrBothNull expr 
	expr:  expr.tokNE expr 
	expr:  expr tokNE expr.    (36)
	expr:  expr.'>' expr 
	expr:  expr.tokGEQ expr 
	expr:  expr.'<' expr 
	expr:  expr.tokLEQ expr 
	expr:  expr.'.' tokIdent 

	'+'  shift 41
	'-'  shift 42
	'*'  shift 43
	'/'  shift 44
	'%'  shift 45
	'.'  shift 55
	'('  shift 37
	.  reduce 36 (src line 126)


state 100
	expr:  expr.'(' paramList ')' 
	expr:  expr.'|' expr 
	expr:  expr.tokOrOr expr 
	expr:  expr.tokAndAnd expr 
	expr:  expr.'+' expr 
	expr:  expr.'-' expr 
	expr:  expr.'*' expr 
	expr:  expr.'/' expr 
	expr:  expr.'%' expr 
	expr:  expr.tokEQEQ expr 
	expr:  expr.tokEQOrRhsNull expr 
	expr:  expr.tokEQOrLhsNull expr 
	expr:  expr.tokEQOrBothNull expr 
	expr:  expr.tokNE expr 
	expr:  expr.'>' expr 
	expr:  expr '>' expr.    (37)
	expr:  expr.tokGEQ expr 
	expr:  expr.'<' expr 
	expr:  expr.tokLEQ expr 
	expr:  expr.'.' tokIdent 

	'+'  shift 41
	'-'  shift 42
	'*'  shift 43
	'/'  shift 44
	'%'  shift 45
	'.'  shift 55
	'('  shift 37
	.  reduce 37 (src line 127)


state 101
	expr:  expr.'(' paramList ')' 
	expr:  expr.'|' expr 
	expr:  expr.tokOrOr expr 
	expr:  expr.tokAndAnd expr 
	expr:  expr.'+' expr 
	expr:  expr.'-' expr 
	expr:  expr.'*' expr 
	expr:  expr.'/' expr 
	expr:  expr.'%' expr 
	expr:  expr.tokEQEQ expr 
	expr:  expr.tokEQOrRhsNull expr 
	expr:  expr.tokEQOrLhsNull expr 
	expr:  expr.tokEQOrBothNull expr 
	expr:  expr.tokNE expr 
	expr:  expr.'>' expr 
	expr:  expr.tokGEQ expr 
	expr:  expr tokGEQ expr.    (38)
	expr:  expr.'<' expr 
	expr:  expr.tokLEQ expr 
	expr:  expr.'.' tokIdent 

	'+'  shift 41
	'-'  shift 42
	'*'  shift 43
	'/'  shift 44
	'%'  shift 45
	'.'  shift 55
	'('  shift 37
	.  reduce 38 (src line 128)


state 102
	expr:  expr.'(' paramList ')' 
	expr:  expr.'|' expr 
	expr:  expr.tokOrOr expr 
	expr:  expr.tokAndAnd expr 
	expr:  expr.'+' expr 
	expr:  expr.'-' expr 
	expr:  expr.'*' expr 
	expr:  expr.'/' expr 
	expr:  expr.'%' expr 
	expr:  expr.tokEQEQ expr 
	expr:  expr.tokEQOrRhsNull expr 
	expr:  expr.tokEQOrLhsNull expr 
	expr:  expr.tokEQOrBothNull expr 
	expr:  expr.tokNE expr 
	expr:  expr.'>' expr 
	expr:  expr.tokGEQ expr 
	expr:  expr.'<' expr 
	expr:  expr '<' expr.    (39)
	expr:  expr.tokLEQ expr 
	expr:  expr.'.' tokIdent 

	'+'  shift 41
	'-'  shift 42
	'*'  shift 43
	'/'  shift 44
	'%'  shift 45
	'.'  shift 55
	'('  shift 37
	.  reduce 39 (src line 129)


state 103
	expr:  expr.'(' paramList ')' 
	expr:  expr.'|' expr 
	expr:  expr.tokOrOr expr 
	expr:  expr.tokAndAnd expr 
	expr:  expr.'+' expr 
	expr:  expr.'-' expr 
	expr:  expr.'*' expr 
	expr:  expr.'/' expr 
	expr:  expr.'%' expr 
	expr:  expr.tokEQEQ expr 
	expr:  expr.tokEQOrRhsNull expr 
	expr:  expr.tokEQOrLhsNull expr 
	expr:  expr.tokEQOrBothNull expr 
	expr:  expr.tokNE expr 
	expr:  expr.'>' expr 
	expr:  expr.tokGEQ expr 
	expr:  expr.'<' expr 
	expr:  expr.tokLEQ expr 
	expr:  expr tokLEQ expr.    (40)
	expr:  expr.'.' tokIdent 

	'+'  shift 41
	'-'  shift 42
	'*'  shift 43
	'/'  shift 44
	'%'  shift 45
	'.'  shift 55
	'('  shift 37
	.  reduce 40 (src line 130)


state 104
	expr:  expr '.' tokIdent.    (43)

	.  reduce 43 (src line 133)


state 105
	assignment:  tokIdent tokAssign expr.    (14)
	expr:  expr.'(' paramList ')' 
	expr:  expr.'|' expr 
	expr:  expr.tokOrOr expr 
	expr:  expr.tokAndAnd expr 
	expr:  expr.'+' expr 
	expr:  expr.'-' expr 
	expr:  expr.'*' expr 
	expr:  expr.'/' expr 
	expr:  expr.'%' expr 
	expr:  expr.tokEQEQ expr 
	expr:  expr.tokEQOrRhsNull expr 
	expr:  expr.tokEQOrLhsNull expr 
	expr:  expr.tokEQOrBothNull expr 
	expr:  expr.tokNE expr 
	expr:  expr.'>' expr 
	expr:  expr.tokGEQ expr 
	expr:  expr.'<' expr 
	expr:  expr.tokLEQ expr 
	expr:  expr.'.' tokIdent 

	tokOrOr  shift 39
	tokAndAnd  shift 40
	tokEQEQ  shift 46
	tokEQOrRhsNull  shift 47
	tokEQOrLhsNull  shift 48
	tokEQOrBothNull  shift 49
	tokNE  shift 50
	tokLEQ  shift 54
	tokGEQ  shift 52
	'>'  shift 51
	'<'  shift 53
	'|'  shift 38
	'+'  shift 41
	'-'  shift 42
	'*'  shift 43
	'/'  shift 44
	'%'  shift 45
	'.'  shift 55
	'('  shift 37
	.  reduce 14 (src line 96)


state 106
	expr:  '|' paramNameList '|'.expr 

	tokIdent  shift 59
	tokInt  shift 18
	tokString  shift 21
	tokBool  shift 24
	tokFloat  shift 19
	tokChar  shift 25
	tokDateTime  shift 22
	tokDuration  shift 23
	tokNull  shift 20
	'|'  shift 14
	'{'  shift 28
	'$'  shift 26
	'&'  shift 27
	tokFunc  shift 58
	tokCond  shift 15
	tokIf  shift 16
	'-'  shift 12
	'('  shift 29
	'!'  shift 13
	.  error

	expr  goto 127
	term  goto 11
	block  goto 17

state 107
	paramNameList:  paramNameList ','.tokIdent 

	tokIdent  shift 128
	.  error


state 108
	expr:  expr.'(' paramList ')' 
	expr:  expr.'|' expr 
	expr:  expr.tokOrOr expr 
	expr:  expr.tokAndAnd expr 
	expr:  expr.'+' expr 
	expr:  expr.'-' expr 
	expr:  expr.'*' expr 
	expr:  expr.'/' expr 
	expr:  expr.'%' expr 
	expr:  expr.tokEQEQ expr 
	expr:  expr.tokEQOrRhsNull expr 
	expr:  expr.tokEQOrLhsNull expr 
	expr:  expr.tokEQOrBothNull expr 
	expr:  expr.tokNE expr 
	expr:  expr.'>' expr 
	expr:  expr.tokGEQ expr 
	expr:  expr.'<' expr 
	expr:  expr.tokLEQ expr 
	expr:  expr.'.' tokIdent 
	expr:  tokCond '(' expr.',' expr ',' expr ')' 

	tokOrOr  shift 39
	tokAndAnd  shift 40
	tokEQEQ  shift 46
	tokEQOrRhsNull  shift 47
	tokEQOrLhsNull  shift 48
	tokEQOrBothNull  shift 49
	tokNE  shift 50
	tokLEQ  shift 54
	tokGEQ  shift 52
	'>'  shift 51
	'<'  shift 53
	'|'  shift 38
	'+'  shift 41
	'-'  shift 42
	'*'  shift 43
	'/'  shift 44
	'%'  shift 45
	'.'  shift 55
	'('  shift 37
	','  shift 129
	.  error


state 109
	expr:  expr '('.paramList ')' 
	term:  '('.expr ')' 
	paramList: .    (62)

	tokIdent  shift 86
	tokInt  shift 18
	tokString  shift 21
	tokBool  shift 24
	tokFloat  shift 19
	tokChar  shift 25
	tokDateTime  shift 22
	tokDuration  shift 23
	tokNull  shift 20
	'|'  shift 14
	'{'  shift 28
	'$'  shift 26
	'&'  shift 27
	tokFunc  shift 58
	tokCond  shift 15
	tokIf  shift 16
	'-'  shift 12
	'('  shift 29
	'!'  shift 13
	.  reduce 62 (src line 157)

	expr  goto 130
	term  goto 11
	block  goto 17
	paramList  goto 82
	positionalParamList  goto 83
	namedParamList  goto 84

110: shift/reduce conflict (shift 14(3), red'n 76(0)) on '|'
state 110
	expr:  expr '|'.expr 
	expr:  '|'.paramNameList '|' expr 
	paramNameList: .    (76)

	tokIdent  shift 131
	tokInt  shift 18
	tokString  shift 21
	tokBool  shift 24
	tokFloat  shift 19
	tokChar  shift 25
	tokDateTime  shift 22
	tokDuration  shift 23
	tokNull  shift 20
	'|'  shift 14
	'{'  shift 28
	'$'  shift 26
	'&'  shift 27
	tokFunc  shift 58
	tokCond  shift 15
	tokIf  shift 16
	'-'  shift 12
	'('  shift 29
	'!'  shift 13
	.  reduce 76 (src line 177)

	expr  goto 87
	term  goto 11
	block  goto 17
	paramNameList  goto 61

state 111
	expr:  expr '-'.expr 
	expr:  '-'.expr 

	tokIdent  shift 59
	tokInt  shift 18
	tokString  shift 21
	tokBool  shift 24
	tokFloat  shift 19
	tokChar  shift 25
	tokDateTime  shift 22
	tokDuration  shift 23
	tokNull  shift 20
	'|'  shift 14
	'{'  shift 28
	'$'  shift 26
	'&'  shift 27
	tokFunc  shift 58
	tokCond  shift 15
	tokIf  shift 16
	'-'  shift 12
	'('  shift 29
	'!'  shift 13
	.  error

	expr  goto 132
	term  goto 11
	block  goto 17

state 112
	expr:  expr.'(' paramList ')' 
	expr:  expr.'|' expr 
	expr:  expr.tokOrOr expr 
	expr:  expr.tokAndAnd expr 
	expr:  expr.'+' expr 
	expr:  expr.'-' expr 
	expr:  expr.'*' expr 
	expr:  expr.'/' expr 
	expr:  expr.'%' expr 
	expr:  expr.tokEQEQ expr 
	expr:  expr.tokEQOrRhsNull expr 
	expr:  expr.tokEQOrLhsNull expr 
	expr:  expr.tokEQOrBothNull expr 
	expr:  expr.tokNE expr 
	expr:  expr.'>' expr 
	expr:  expr.tokGEQ expr 
	expr:  expr.'<' expr 
	expr:  expr.tokLEQ expr 
	expr:  expr.'.' tokIdent 
	expr:  tokIf expr expr.tokElse expr 

	tokOrOr  shift 39
	tokAndAnd  shift 40
	tokEQEQ  shift 46
	tokEQOrRhsNull  shift 47
	tokEQOrLhsNull  shift 48
	tokEQOrBothNull  shift 49
	tokNE  shift 50
	tokLEQ  shift 54
	tokGEQ  shift 52
	'>'  shift 51
	'<'  shift 53
	'|'  shift 38
	tokElse  shift 133
	'+'  shift 41
	'-'  shift 42
	'*'  shift 43
	'/'  shift 44
	'%'  shift 45
	'.'  shift 55
	'('  shift 37
	.  error


state 113
	block:  '{' blockStatements ';'.expr optionalSemicolon '}' 
	blockStatements:  blockStatements ';'.blockStatement 

	tokIdent  shift 10
	tokInt  shift 18
	tokString  shift 21
	tokBool  shift 24
	tokFloat  shift 19
	tokChar  shift 25
	tokDateTime  shift 22
	tokDuration  shift 23
	tokNull  shift 20
	'|'  shift 14
	'{'  shift 28
	'$'  shift 26
	'&'  shift 27
	tokFunc  shift 72
	tokCond  shift 15
	tokIf  shift 16
	'-'  shift 12
	'('  shift 29
	'!'  shift 13
	.  error

	assignment  goto 71
	blockStatement  goto 135
	expr  goto 134
	term  goto 11
	block  goto 17

state 114
	term:  '{' structFields '}'.    (60)

	.  reduce 60 (src line 154)


state 115
	structFields:  structFields ','.structField 

	tokIdent  shift 137
	tokRegex  shift 75
	tokInt  shift 18
	tokString  shift 21
	tokBool  shift 24
	tokFloat  shift 19
	tokChar  shift 25
	tokDateTime  shift 22
	tokDuration  shift 23
	tokNull  shift 20
	'|'  shift 14
	'{'  shift 28
	'$'  shift 26
	'&'  shift 27
	tokFunc  shift 58
	tokCond  shift 15
	tokIf  shift 16
	'-'  shift 12
	'('  shift 29
	'!'  shift 13
	.  error

	expr  goto 74
	term  goto 11
	block  goto 17
	structField  goto 136

state 116
	blockStatement:  tokFunc tokIdent.'(' paramNameList ')' expr 

	'('  shift 138
	.  error


state 117
	structField:  tokIdent ':'.expr 

	tokIdent  shift 59
	tokInt  shift 18
	tokString  shift 21
	tokBool  shift 24
	tokFloat  shift 19
	tokChar  shift 25
	tokDateTime  shift 22
	tokDuration  shift 23
	tokNull  shift 20
	'|'  shift 14
	'{'  shift 28
	'$'  shift 26
	'&'  shift 27
	tokFunc  shift 58
	tokCond  shift 15
	tokIf  shift 16
	'-'  shift 12
	'('  shift 29
	'!'  shift 13
	.  error

	expr  goto 139
	term  goto 11
	block  goto 17

state 118
	expr:  expr '.'.tokIdent 
	structField:  expr '.'.tokRegex 

	tokIdent  shift 104
	tokRegex  shift 140
	.  error


state 119
	term:  '(' expr ')'.    (61)

	.  reduce 61 (src line 155)


state 120
	start:  loadStatements ';' toplevelStatements optionalSemicolon.    (2)

	.  reduce 2 (src line 67)


state 121
	toplevelStatement:  tokFunc tokIdent '(' paramNameList.')' expr 
	paramNameList:  paramNameList.',' tokIdent 

	')'  shift 141
	','  shift 107
	.  error


state 122
	expr:  tokFunc '(' paramNameList ')'.legacyFunctionBlock 

	'{'  shift 144
	.  error

	legacyFunctionBlock  goto 142
	block  goto 143

state 123
	expr:  expr '(' paramList ')'.    (23)

	.  reduce 23 (src line 113)


state 124
	paramList:  positionalParamList ','.namedParamList 
	positionalParamList:  positionalParamList ','.expr 

	tokIdent  shift 86
	tokInt  shift 18
	tokString  shift 21
	tokBool  shift 24
	tokFloat  shift 19
	tokChar  shift 25
	tokDateTime  shift 22
	tokDuration  shift 23
	tokNull  shift 20
	'|'  shift 14
	'{'  shift 28
	'$'  shift 26
	'&'  shift 27
	tokFunc  shift 58
	tokCond  shift 15
	tokIf  shift 16
	'-'  shift 12
	'('  shift 29
	'!'  shift 13
	.  error

	expr  goto 146
	term  goto 11
	block  goto 17
	namedParamList  goto 145

state 125
	namedParamList:  namedParamList ','.tokIdent tokAssign expr 

	tokIdent  shift 147
	.  error


state 126
	namedParamList:  tokIdent tokAssign.expr 

	tokIdent  shift 59
	tokInt  shift 18
	tokString  shift 21
	tokBool  shift 24
	tokFloat  shift 19
	tokChar  shift 25
	tokDateTime  shift 22
	tokDuration  shift 23
	tokNull  shift 20
	'|'  shift 14
	'{'  shift 28
	'$'  shift 26
	'&'  shift 27
	tokFunc  shift 58
	tokCond  shift 15
	tokIf  shift 16
	'-'  shift 12
	'('  shift 29
	'!'  shift 13
	.  error

	expr  goto 148
	term  goto 11
	block  goto 17

state 127
	expr:  expr.'(' paramList ')' 
	expr:  expr.'|' expr 
	expr:  expr.tokOrOr expr 
	expr:  expr.tokAndAnd expr 
	expr:  expr.'+' expr 
	expr:  expr.'-' expr 
	expr:  expr.'*' expr 
	expr:  expr.'/' expr 
	expr:  expr.'%' expr 
	expr:  expr.tokEQEQ expr 
	expr:  expr.tokEQOrRhsNull expr 
	expr:  expr.tokEQOrLhsNull expr 
	expr:  expr.tokEQOrBothNull expr 
	expr:  expr.tokNE expr 
	expr:  expr.'>' expr 
	expr:  expr.tokGEQ expr 
	expr:  expr.'<' expr 
	expr:  expr.tokLEQ expr 
	expr:  expr.'.' tokIdent 
	expr:  '|' paramNameList '|' expr.    (45)

	tokEQEQ  shift 46
	tokEQOrRhsNull  shift 47
	tokEQOrLhsNull  shift 48
	tokEQOrBothNull  shift 49
	tokNE  shift 50
	tokLEQ  shift 54
	tokGEQ  shift 52
	'>'  shift 51
	'<'  shift 53
	'+'  shift 41
	'-'  shift 42
	'*'  shift 43
	'/'  shift 44
	'%'  shift 45
	'.'  shift 55
	'('  shift 37
	.  reduce 45 (src line 135)


state 128
	paramNameList:  paramNameList ',' tokIdent.    (78)

	.  reduce 78 (src line 179)


state 129
	expr:  tokCond '(' expr ','.expr ',' expr ')' 

	tokIdent  shift 59
	tokInt  shift 18
	tokString  shift 21
	tokBool  shift 24
	tokFloat  shift 19
	tokChar  shift 25
	tokDateTime  shift 22
	tokDuration  shift 23
	tokNull  shift 20
	'|'  shift 14
	'{'  shift 28
	'$'  shift 26
	'&'  shift 27
	tokFunc  shift 58
	tokCond  shift 15
	tokIf  shift 16
	'-'  shift 12
	'('  shift 29
	'!'  shift 13
	.  error

	expr  goto 149
	term  goto 11
	block  goto 17

130: shift/reduce conflict (shift 119(8), red'n 66(0)) on ')'
state 130
	expr:  expr.'(' paramList ')' 
	expr:  expr.'|' expr 
	expr:  expr.tokOrOr expr 
	expr:  expr.tokAndAnd expr 
	expr:  expr.'+' expr 
	expr:  expr.'-' expr 
	expr:  expr.'*' expr 
	expr:  expr.'/' expr 
	expr:  expr.'%' expr 
	expr:  expr.tokEQEQ expr 
	expr:  expr.tokEQOrRhsNull expr 
	expr:  expr.tokEQOrLhsNull expr 
	expr:  expr.tokEQOrBothNull expr 
	expr:  expr.tokNE expr 
	expr:  expr.'>' expr 
	expr:  expr.tokGEQ expr 
	expr:  expr.'<' expr 
	expr:  expr.tokLEQ expr 
	expr:  expr.'.' tokIdent 
	term:  '(' expr.')' 
	positionalParamList:  expr.    (66)

	tokOrOr  shift 39
	tokAndAnd  shift 40
	tokEQEQ  shift 46
	tokEQOrRhsNull  shift 47
	tokEQOrLhsNull  shift 48
	tokEQOrBothNull  shift 49
	tokNE  shift 50
	tokLEQ  shift 54
	tokGEQ  shift 52
	'>'  shift 51
	'<'  shift 53
	'|'  shift 38
	'+'  shift 41
	'-'  shift 42
	'*'  shift 43
	'/'  shift 44
	'%'  shift 45
	'.'  shift 55
	'('  shift 37
	')'  shift 119
	.  reduce 66 (src line 162)


 131: reduce/reduce conflict  (red'ns 57 and 77) on '|'
state 131
	term:  tokIdent.    (57)
	paramNameList:  tokIdent.    (77)

	','  reduce 77 (src line 178)
	.  reduce 57 (src line 151)


 132: reduce/reduce conflict  (red'ns 28 and 41) on tokOrOr
 132: reduce/reduce conflict  (red'ns 28 and 41) on tokAndAnd
 132: reduce/reduce conflict  (red'ns 28 and 41) on tokEQEQ
 132: reduce/reduce conflict  (red'ns 28 and 41) on tokEQOrRhsNull
 132: reduce/reduce conflict  (red'ns 28 and 41) on tokEQOrLhsNull
 132: reduce/reduce conflict  (red'ns 28 and 41) on tokEQOrBothNull
 132: reduce/reduce conflict  (red'ns 28 and 41) on tokNE
 132: reduce/reduce conflict  (red'ns 28 and 41) on tokLEQ
 132: reduce/reduce conflict  (red'ns 28 and 41) on tokGEQ
 132: reduce/reduce conflict  (red'ns 28 and 41) on '>'
 132: reduce/reduce conflict  (red'ns 28 and 41) on '<'
 132: reduce/reduce conflict  (red'ns 28 and 41) on '|'
 132: reduce/reduce conflict  (red'ns 28 and 41) on '+'
 132: reduce/reduce conflict  (red'ns 28 and 41) on '-'
state 132
	expr:  expr.'(' paramList ')' 
	expr:  expr.'|' expr 
	expr:  expr.tokOrOr expr 
	expr:  expr.tokAndAnd expr 
	expr:  expr.'+' expr 
	expr:  expr.'-' expr 
	expr:  expr '-' expr.    (28)
	expr:  expr.'*' expr 
	expr:  expr.'/' expr 
	expr:  expr.'%' expr 
	expr:  expr.tokEQEQ expr 
	expr:  expr.tokEQOrRhsNull expr 
	expr:  expr.tokEQOrLhsNull expr 
	expr:  expr.tokEQOrBothNull expr 
	expr:  expr.tokNE expr 
	expr:  expr.'>' expr 
	expr:  expr.tokGEQ expr 
	expr:  expr.'<' expr 
	expr:  expr.tokLEQ expr 
	expr:  '-' expr.    (41)
	expr:  expr.'.' tokIdent 

	tokElse  reduce 41 (src line 131)
	'*'  reduce 41 (src line 131)
	'/'  reduce 41 (src line 131)
	'%'  reduce 41 (src line 131)
	'.'  shift 55
	'('  shift 37
	.  reduce 28 (src line 118)


state 133
	expr:  tokIf expr expr tokElse.expr 

	tokIdent  shift 59
	tokInt  shift 18
	tokString  shift 21
	tokBool  shift 24
	tokFloat  shift 19
	tokChar  shift 25
	tokDateTime  shift 22
	tokDuration  shift 23
	tokNull  shift 20
	'|'  shift 14
	'{'  shift 28
	'$'  shift 26
	'&'  shift 27
	tokFunc  shift 58
	tokCond  shift 15
	tokIf  shift 16
	'-'  shift 12
	'('  shift 29
	'!'  shift 13
	.  error

	expr  goto 150
	term  goto 11
	block  goto 17

state 134
	block:  '{' blockStatements ';' expr.optionalSemicolon '}' 
	expr:  expr.'(' paramList ')' 
	expr:  expr.'|' expr 
	expr:  expr.tokOrOr expr 
	expr:  expr.tokAndAnd expr 
	expr:  expr.'+' expr 
	expr:  expr.'-' expr 
	expr:  expr.'*' expr 
	expr:  expr.'/' expr 
	expr:  expr.'%' expr 
	expr:  expr.tokEQEQ expr 
	expr:  expr.tokEQOrRhsNull expr 
	expr:  expr.tokEQOrLhsNull expr 
	expr:  expr.tokEQOrBothNull expr 
	expr:  expr.tokNE expr 
	expr:  expr.'>' expr 
	expr:  expr.tokGEQ expr 
	expr:  expr.'<' expr 
	expr:  expr.tokLEQ expr 
	expr:  expr.'.' tokIdent 
	optionalSemicolon: .    (9)

	tokOrOr  shift 39
	tokAndAnd  shift 40
	tokEQEQ  shift 46
	tokEQOrRhsNull  shift 47
	tokEQOrLhsNull  shift 48
	tokEQOrBothNull  shift 49
	tokNE  shift 50
	tokLEQ  shift 54
	tokGEQ  shift 52
	'>'  shift 51
	'<'  shift 53
	'|'  shift 38
	'+'  shift 41
	'-'  shift 42
	'*'  shift 43
	'/'  shift 44
	'%'  shift 45
	'.'  shift 55
	'('  shift 37
	';'  shift 152
	.  reduce 9 (src line 88)

	optionalSemicolon  goto 151

state 135
	blockStatements:  blockStatements ';' blockStatement.    (17)

	.  reduce 17 (src line 102)


state 136
	structFields:  structFields ',' structField.    (75)

	.  reduce 75 (src line 174)


state 137
	term:  tokIdent.    (57)
	structField:  tokIdent.':' expr 

	':'  shift 117
	.  reduce 57 (src line 151)


state 138
	blockStatement:  tokFunc tokIdent '('.paramNameList ')' expr 
	paramNameList: .    (76)

	tokIdent  shift 62
	.  reduce 76 (src line 177)

	paramNameList  goto 153

state 139
	expr:  expr.'(' paramList ')' 
	expr:  expr.'|' expr 
	expr:  expr.tokOrOr expr 
	expr:  expr.tokAndAnd expr 
	expr:  expr.'+' expr 
	expr:  expr.'-' expr 
	expr:  expr.'*' expr 
	expr:  expr.'/' expr 
	expr:  expr.'%' expr 
	expr:  expr.tokEQEQ expr 
	expr:  expr.tokEQOrRhsNull expr 
	expr:  expr.tokEQOrLhsNull expr 
	expr:  expr.tokEQOrBothNull expr 
	expr:  expr.tokNE expr 
	expr:  expr.'>' expr 
	expr:  expr.tokGEQ expr 
	expr:  expr.'<' expr 
	expr:  expr.tokLEQ expr 
	expr:  expr.'.' tokIdent 
	structField:  tokIdent ':' expr.    (70)

	tokOrOr  shift 39
	tokAndAnd  shift 40
	tokEQEQ  shift 46
	tokEQOrRhsNull  shift 47
	tokEQOrLhsNull  shift 48
	tokEQOrBothNull  shift 49
	tokNE  shift 50
	tokLEQ  shift 54
	tokGEQ  shift 52
	'>'  shift 51
	'<'  shift 53
	'|'  shift 38
	'+'  shift 41
	'-'  shift 42
	'*'  shift 43
	'/'  shift 44
	'%'  shift 45
	'.'  shift 55
	'('  shift 37
	.  reduce 70 (src line 168)


state 140
	structField:  expr '.' tokRegex.    (72)

	.  reduce 72 (src line 170)


state 141
	toplevelStatement:  tokFunc tokIdent '(' paramNameList ')'.expr 

	tokIdent  shift 59
	tokInt  shift 18
	tokString  shift 21
	tokBool  shift 24
	tokFloat  shift 19
	tokChar  shift 25
	tokDateTime  shift 22
	tokDuration  shift 23
	tokNull  shift 20
	'|'  shift 14
	'{'  shift 28
	'$'  shift 26
	'&'  shift 27
	tokFunc  shift 58
	tokCond  shift 15
	tokIf  shift 16
	'-'  shift 12
	'('  shift 29
	'!'  shift 13
	.  error

	expr  goto 154
	term  goto 11
	block  goto 17

state 142
	expr:  tokFunc '(' paramNameList ')' legacyFunctionBlock.    (44)

	.  reduce 44 (src line 134)


state 143
	legacyFunctionBlock:  block.    (20)

	.  reduce 20 (src line 109)


state 144
	block:  '{'.blockStatements ';' expr optionalSemicolon '}' 
	legacyFunctionBlock:  '{'.expr optionalSemicolon '}' 

	tokIdent  shift 10
	tokInt  shift 18
	tokString  shift 21
	tokBool  shift 24
	tokFloat  shift 19
	tokChar  shift 25
	tokDateTime  shift 22
	tokDuration  shift 23
	tokNull  shift 20
	'|'  shift 14
	'{'  shift 28
	'$'  shift 26
	'&'  shift 27
	tokFunc  shift 72
	tokCond  shift 15
	tokIf  shift 16
	'-'  shift 12
	'('  shift 29
	'!'  shift 13
	.  error

	assignment  goto 71
	blockStatement  goto 69
	blockStatements  goto 67
	expr  goto 155
	term  goto 11
	block  goto 17

state 145
	paramList:  positionalParamList ',' namedParamList.    (64)
	namedParamList:  namedParamList.',' tokIdent tokAssign expr 

	','  shift 125
	.  reduce 64 (src line 159)


state 146
	expr:  expr.'(' paramList ')' 
	expr:  expr.'|' expr 
	expr:  expr.tokOrOr expr 
	expr:  expr.tokAndAnd expr 
	expr:  expr.'+' expr 
	expr:  expr.'-' expr 
	expr:  expr.'*' expr 
	expr:  expr.'/' expr 
	expr:  expr.'%' expr 
	expr:  expr.tokEQEQ expr 
	expr:  expr.tokEQOrRhsNull expr 
	expr:  expr.tokEQOrLhsNull expr 
	expr:  expr.tokEQOrBothNull expr 
	expr:  expr.tokNE expr 
	expr:  expr.'>' expr 
	expr:  expr.tokGEQ expr 
	expr:  expr.'<' expr 
	expr:  expr.tokLEQ expr 
	expr:  expr.'.' tokIdent 
	positionalParamList:  positionalParamList ',' expr.    (67)

	tokOrOr  shift 39
	tokAndAnd  shift 40
	tokEQEQ  shift 46
	tokEQOrRhsNull  shift 47
	tokEQOrLhsNull  shift 48
	tokEQOrBothNull  shift 49
	tokNE  shift 50
	tokLEQ  shift 54
	tokGEQ  shift 52
	'>'  shift 51
	'<'  shift 53
	'|'  shift 38
	'+'  shift 41
	'-'  shift 42
	'*'  shift 43
	'/'  shift 44
	'%'  shift 45
	'.'  shift 55
	'('  shift 37
	.  reduce 67 (src line 163)


state 147
	namedParamList:  namedParamList ',' tokIdent.tokAssign expr 

	tokAssign  shift 156
	.  error


state 148
	expr:  expr.'(' paramList ')' 
	expr:  expr.'|' expr 
	expr:  expr.tokOrOr expr 
	expr:  expr.tokAndAnd expr 
	expr:  expr.'+' expr 
	expr:  expr.'-' expr 
	expr:  expr.'*' expr 
	expr:  expr.'/' expr 
	expr:  expr.'%' expr 
	expr:  expr.tokEQEQ expr 
	expr:  expr.tokEQOrRhsNull expr 
	expr:  expr.tokEQOrLhsNull expr 
	expr:  expr.tokEQOrBothNull expr 
	expr:  expr.tokNE expr 
	expr:  expr.'>' expr 
	expr:  expr.tokGEQ expr 
	expr:  expr.'<' expr 
	expr:  expr.tokLEQ expr 
	expr:  expr.'.' tokIdent 
	namedParamList:  tokIdent tokAssign expr.    (68)

	tokOrOr  shift 39
	tokAndAnd  shift 40
	tokEQEQ  shift 46
	tokEQOrRhsNull  shift 47
	tokEQOrLhsNull  shift 48
	tokEQOrBothNull  shift 49
	tokNE  shift 50
	tokLEQ  shift 54
	tokGEQ  shift 52
	'>'  shift 51
	'<'  shift 53
	'|'  shift 38
	'+'  shift 41
	'-'  shift 42
	'*'  shift 43
	'/'  shift 44
	'%'  shift 45
	'.'  shift 55
	'('  shift 37
	.  reduce 68 (src line 165)


state 149
	expr:  expr.'(' paramList ')' 
	expr:  expr.'|' expr 
	expr:  expr.tokOrOr expr 
	expr:  expr.tokAndAnd expr 
	expr:  expr.'+' expr 
	expr:  expr.'-' expr 
	expr:  expr.'*' expr 
	expr:  expr.'/' expr 
	expr:  expr.'%' expr 
	expr:  expr.tokEQEQ expr 
	expr:  expr.tokEQOrRhsNull expr 
	expr:  expr.tokEQOrLhsNull expr 
	expr:  expr.tokEQOrBothNull expr 
	expr:  expr.tokNE expr 
	expr:  expr.'>' expr 
	expr:  expr.tokGEQ expr 
	expr:  expr.'<' expr 
	expr:  expr.tokLEQ expr 
	expr:  expr.'.' tokIdent 
	expr:  tokCond '(' expr ',' expr.',' expr ')' 

	tokOrOr  shift 39
	tokAndAnd  shift 40
	tokEQEQ  shift 46
	tokEQOrRhsNull  shift 47
	tokEQOrLhsNull  shift 48
	tokEQOrBothNull  shift 49
	tokNE  shift 50
	tokLEQ  shift 54
	tokGEQ  shift 52
	'>'  shift 51
	'<'  shift 53
	'|'  shift 38
	'+'  shift 41
	'-'  shift 42
	'*'  shift 43
	'/'  shift 44
	'%'  shift 45
	'.'  shift 55
	'('  shift 37
	','  shift 157
	.  error


150: shift/reduce conflict (shift 39(1), red'n 47(0)) on tokOrOr
150: shift/reduce conflict (shift 40(2), red'n 47(0)) on tokAndAnd
150: shift/reduce conflict (shift 46(4), red'n 47(0)) on tokEQEQ
150: shift/reduce conflict (shift 47(4), red'n 47(0)) on tokEQOrRhsNull
150: shift/reduce conflict (shift 48(4), red'n 47(0)) on tokEQOrLhsNull
150: shift/reduce conflict (shift 49(4), red'n 47(0)) on tokEQOrBothNull
150: shift/reduce conflict (shift 50(4), red'n 47(0)) on tokNE
150: shift/reduce conflict (shift 54(4), red'n 47(0)) on tokLEQ
150: shift/reduce conflict (shift 52(4), red'n 47(0)) on tokGEQ
150: shift/reduce conflict (shift 51(4), red'n 47(0)) on '>'
150: shift/reduce conflict (shift 53(4), red'n 47(0)) on '<'
150: shift/reduce conflict (shift 38(3), red'n 47(0)) on '|'
150: shift/reduce conflict (shift 41(5), red'n 47(0)) on '+'
150: shift/reduce conflict (shift 42(5), red'n 47(0)) on '-'
150: shift/reduce conflict (shift 43(6), red'n 47(0)) on '*'
150: shift/reduce conflict (shift 44(6), red'n 47(0)) on '/'
150: shift/reduce conflict (shift 45(6), red'n 47(0)) on '%'
150: shift/reduce conflict (shift 55(8), red'n 47(0)) on '.'
150: shift/reduce conflict (shift 37(8), red'n 47(0)) on '('
state 150
	expr:  expr.'(' paramList ')' 
	expr:  expr.'|' expr 
	expr:  expr.tokOrOr expr 
	expr:  expr.tokAndAnd expr 
	expr:  expr.'+' expr 
	expr:  expr.'-' expr 
	expr:  expr.'*' expr 
	expr:  expr.'/' expr 
	expr:  expr.'%' expr 
	expr:  expr.tokEQEQ expr 
	expr:  expr.tokEQOrRhsNull expr 
	expr:  expr.tokEQOrLhsNull expr 
	expr:  expr.tokEQOrBothNull expr 
	expr:  expr.tokNE expr 
	expr:  expr.'>' expr 
	expr:  expr.tokGEQ expr 
	expr:  expr.'<' expr 
	expr:  expr.tokLEQ expr 
	expr:  expr.'.' tokIdent 
	expr:  tokIf expr expr tokElse expr.    (47)

	tokOrOr  shift 39
	tokAndAnd  shift 40
	tokEQEQ  shift 46
	tokEQOrRhsNull  shift 47
	tokEQOrLhsNull  shift 48
	tokEQOrBothNull  shift 49
	tokNE  shift 50
	tokLEQ  shift 54
	tokGEQ  shift 52
	'>'  shift 51
	'<'  shift 53
	'|'  shift 38
	'+'  shift 41
	'-'  shift 42
	'*'  shift 43
	'/'  shift 44
	'%'  shift 45
	'.'  shift 55
	'('  shift 37
	.  reduce 47 (src line 137)


state 151
	block:  '{' blockStatements ';' expr optionalSemicolon.'}' 

	'}'  shift 158
	.  error


state 152
	optionalSemicolon:  ';'.    (10)

	.  reduce 10 (src line 89)


state 153
	blockStatement:  tokFunc tokIdent '(' paramNameList.')' expr 
	paramNameList:  paramNameList.',' tokIdent 

	')'  shift 159
	','  shift 107
	.  error


state 154
	toplevelStatement:  tokFunc tokIdent '(' paramNameList ')' expr.    (7)
	expr:  expr.'(' paramList ')' 
	expr:  expr.'|' expr 
	expr:  expr.tokOrOr expr 
	expr:  expr.tokAndAnd expr 
	expr:  expr.'+' expr 
	expr:  expr.'-' expr 
	expr:  expr.'*' expr 
	expr:  expr.'/' expr 
	expr:  expr.'%' expr 
	expr:  expr.tokEQEQ expr 
	expr:  expr.tokEQOrRhsNull expr 
	expr:  expr.tokEQOrLhsNull expr 
	expr:  expr.tokEQOrBothNull expr 
	expr:  expr.tokNE expr 
	expr:  expr.'>' expr 
	expr:  expr.tokGEQ expr 
	expr:  expr.'<' expr 
	expr:  expr.tokLEQ expr 
	expr:  expr.'.' tokIdent 

	tokOrOr  shift 39
	tokAndAnd  shift 40
	tokEQEQ  shift 46
	tokEQOrRhsNull  shift 47
	tokEQOrLhsNull  shift 48
	tokEQOrBothNull  shift 49
	tokNE  shift 50
	tokLEQ  shift 54
	tokGEQ  shift 52
	'>'  shift 51
	'<'  shift 53
	'|'  shift 38
	'+'  shift 41
	'-'  shift 42
	'*'  shift 43
	'/'  shift 44
	'%'  shift 45
	'.'  shift 55
	'('  shift 37
	.  reduce 7 (src line 84)


state 155
	legacyFunctionBlock:  '{' expr.optionalSemicolon '}' 
	expr:  expr.'(' paramList ')' 
	expr:  expr.'|' expr 
	expr:  expr.tokOrOr expr 
	expr:  expr.tokAndAnd expr 
	expr:  expr.'+' expr 
	expr:  expr.'-' expr 
	expr:  expr.'*' expr 
	expr:  expr.'/' expr 
	expr:  expr.'%' expr 
	expr:  expr.tokEQEQ expr 
	expr:  expr.tokEQOrRhsNull expr 
	expr:  expr.tokEQOrLhsNull expr 
	expr:  expr.tokEQOrBothNull expr 
	expr:  expr.tokNE expr 
	expr:  expr.'>' expr 
	expr:  expr.tokGEQ expr 
	expr:  expr.'<' expr 
	expr:  expr.tokLEQ expr 
	expr:  expr.'.' tokIdent 
	optionalSemicolon: .    (9)

	tokOrOr  shift 39
	tokAndAnd  shift 40
	tokEQEQ  shift 46
	tokEQOrRhsNull  shift 47
	tokEQOrLhsNull  shift 48
	tokEQOrBothNull  shift 49
	tokNE  shift 50
	tokLEQ  shift 54
	tokGEQ  shift 52
	'>'  shift 51
	'<'  shift 53
	'|'  shift 38
	'+'  shift 41
	'-'  shift 42
	'*'  shift 43
	'/'  shift 44
	'%'  shift 45
	'.'  shift 55
	'('  shift 37
	';'  shift 152
	.  reduce 9 (src line 88)

	optionalSemicolon  goto 160

state 156
	namedParamList:  namedParamList ',' tokIdent tokAssign.expr 

	tokIdent  shift 59
	tokInt  shift 18
	tokString  shift 21
	tokBool  shift 24
	tokFloat  shift 19
	tokChar  shift 25
	tokDateTime  shift 22
	tokDuration  shift 23
	tokNull  shift 20
	'|'  shift 14
	'{'  shift 28
	'$'  shift 26
	'&'  shift 27
	tokFunc  shift 58
	tokCond  shift 15
	tokIf  shift 16
	'-'  shift 12
	'('  shift 29
	'!'  shift 13
	.  error

	expr  goto 161
	term  goto 11
	block  goto 17

state 157
	expr:  tokCond '(' expr ',' expr ','.expr ')' 

	tokIdent  shift 59
	tokInt  shift 18
	tokString  shift 21
	tokBool  shift 24
	tokFloat  shift 19
	tokChar  shift 25
	tokDateTime  shift 22
	tokDuration  shift 23
	tokNull  shift 20
	'|'  shift 14
	'{'  shift 28
	'$'  shift 26
	'&'  shift 27
	tokFunc  shift 58
	tokCond  shift 15
	tokIf  shift 16
	'-'  shift 12
	'('  shift 29
	'!'  shift 13
	.  error

	expr  goto 162
	term  goto 11
	block  goto 17

state 158
	block:  '{' blockStatements ';' expr optionalSemicolon '}'.    (15)

	.  reduce 15 (src line 99)


state 159
	blockStatement:  tokFunc tokIdent '(' paramNameList ')'.expr 

	tokIdent  shift 59
	tokInt  shift 18
	tokString  shift 21
	tokBool  shift 24
	tokFloat  shift 19
	tokChar  shift 25
	tokDateTime  shift 22
	tokDuration  shift 23
	tokNull  shift 20
	'|'  shift 14
	'{'  shift 28
	'$'  shift 26
	'&'  shift 27
	tokFunc  shift 58
	tokCond  shift 15
	tokIf  shift 16
	'-'  shift 12
	'('  shift 29
	'!'  shift 13
	.  error

	expr  goto 163
	term  goto 11
	block  goto 17

state 160
	legacyFunctionBlock:  '{' expr optionalSemicolon.'}' 

	'}'  shift 164
	.  error


state 161
	expr:  expr.'(' paramList ')' 
	expr:  expr.'|' expr 
	expr:  expr.tokOrOr expr 
	expr:  expr.tokAndAnd expr 
	expr:  expr.'+' expr 
	expr:  expr.'-' expr 
	expr:  expr.'*' expr 
	expr:  expr.'/' expr 
	expr:  expr.'%' expr 
	expr:  expr.tokEQEQ expr 
	expr:  expr.tokEQOrRhsNull expr 
	expr:  expr.tokEQOrLhsNull expr 
	expr:  expr.tokEQOrBothNull expr 
	expr:  expr.tokNE expr 
	expr:  expr.'>' expr 
	expr:  expr.tokGEQ expr 
	expr:  expr.'<' expr 
	expr:  expr.tokLEQ expr 
	expr:  expr.'.' tokIdent 
	namedParamList:  namedParamList ',' tokIdent tokAssign expr.    (69)

	tokOrOr  shift 39
	tokAndAnd  shift 40
	tokEQEQ  shift 46
	tokEQOrRhsNull  shift 47
	tokEQOrLhsNull  shift 48
	tokEQOrBothNull  shift 49
	tokNE  shift 50
	tokLEQ  shift 54
	tokGEQ  shift 52
	'>'  shift 51
	'<'  shift 53
	'|'  shift 38
	'+'  shift 41
	'-'  shift 42
	'*'  shift 43
	'/'  shift 44
	'%'  shift 45
	'.'  shift 55
	'('  shift 37
	.  reduce 69 (src line 166)


state 162
	expr:  expr.'(' paramList ')' 
	expr:  expr.'|' expr 
	expr:  expr.tokOrOr expr 
	expr:  expr.tokAndAnd expr 
	expr:  expr.'+' expr 
	expr:  expr.'-' expr 
	expr:  expr.'*' expr 
	expr:  expr.'/' expr 
	expr:  expr.'%' expr 
	expr:  expr.tokEQEQ expr 
	expr:  expr.tokEQOrRhsNull expr 
	expr:  expr.tokEQOrLhsNull expr 
	expr:  expr.tokEQOrBothNull expr 
	expr:  expr.tokNE expr 
	expr:  expr.'>' expr 
	expr:  expr.tokGEQ expr 
	expr:  expr.'<' expr 
	expr:  expr.tokLEQ expr 
	expr:  expr.'.' tokIdent 
	expr:  tokCond '(' expr ',' expr ',' expr.')' 

	tokOrOr  shift 39
	tokAndAnd  shift 40
	tokEQEQ  shift 46
	tokEQOrRhsNull  shift 47
	tokEQOrLhsNull  shift 48
	tokEQOrBothNull  shift 49
	tokNE  shift 50
	tokLEQ  shift 54
	tokGEQ  shift 52
	'>'  shift 51
	'<'  shift 53
	'|'  shift 38
	'+'  shift 41
	'-'  shift 42
	'*'  shift 43
	'/'  shift 44
	'%'  shift 45
	'.'  shift 55
	'('  shift 37
	')'  shift 165
	.  error


state 163
	blockStatement:  tokFunc tokIdent '(' paramNameList ')' expr.    (19)
	expr:  expr.'(' paramList ')' 
	expr:  expr.'|' expr 
	expr:  expr.tokOrOr expr 
	expr:  expr.tokAndAnd expr 
	expr:  expr.'+' expr 
	expr:  expr.'-' expr 
	expr:  expr.'*' expr 
	expr:  expr.'/' expr 
	expr:  expr.'%' expr 
	expr:  expr.tokEQEQ expr 
	expr:  expr.tokEQOrRhsNull expr 
	expr:  expr.tokEQOrLhsNull expr 
	expr:  expr.tokEQOrBothNull expr 
	expr:  expr.tokNE expr 
	expr:  expr.'>' expr 
	expr:  expr.tokGEQ expr 
	expr:  expr.'<' expr 
	expr:  expr.tokLEQ expr 
	expr:  expr.'.' tokIdent 

	tokOrOr  shift 39
	tokAndAnd  shift 40
	tokEQEQ  shift 46
	tokEQOrRhsNull  shift 47
	tokEQOrLhsNull  shift 48
	tokEQOrBothNull  shift 49
	tokNE  shift 50
	tokLEQ  shift 54
	tokGEQ  shift 52
	'>'  shift 51
	'<'  shift 53
	'|'  shift 38
	'+'  shift 41
	'-'  shift 42
	'*'  shift 43
	'/'  shift 44
	'%'  shift 45
	'.'  shift 55
	'('  shift 37
	.  reduce 19 (src line 105)


state 164
	legacyFunctionBlock:  '{' expr optionalSemicolon '}'.    (21)

	.  reduce 21 (src line 110)


state 165
	expr:  tokCond '(' expr ',' expr ',' expr ')'.    (46)

	.  reduce 46 (src line 136)


52 terminals, 20 nonterminals
79 grammar rules, 166/8000 states
21 shift/reduce, 15 reduce/reduce conflicts reported
69 working sets used
memory: parser 182/120000
107 extra closures
1443 shift entries, 6 exceptions
78 goto entries
99 entries saved by goto default
Optimizer space used: output 745/120000
745 table entries, 212 zero
maximum spread: 52, maximum offset: 159
